<?xml version="1.0" encoding="UTF-8"?>
<testsuites>
  <testsuite name="" tests="49" assertions="92" errors="0" warnings="0" failures="0" skipped="0" time="0.523052">
    <testsuite name="Gendiff Test Suite" tests="49" assertions="92" errors="0" warnings="0" failures="0" skipped="0" time="0.523052">
      <testsuite name="Tests\ArrayComparatorTest" file="C:\Users\office2\Documents\Projects\php-project-48\tests\ArrayComparatorTest.php" tests="11" assertions="37" errors="0" warnings="0" failures="0" skipped="0" time="0.015828">
        <testcase name="testCompareIdenticalArrays" class="Tests\ArrayComparatorTest" classname="Tests.ArrayComparatorTest" file="C:\Users\office2\Documents\Projects\php-project-48\tests\ArrayComparatorTest.php" line="13" assertions="1" time="0.006887"/>
        <testcase name="testCompareEmptyArrays" class="Tests\ArrayComparatorTest" classname="Tests.ArrayComparatorTest" file="C:\Users\office2\Documents\Projects\php-project-48\tests\ArrayComparatorTest.php" line="38" assertions="1" time="0.000406"/>
        <testcase name="testCompareAddedKeys" class="Tests\ArrayComparatorTest" classname="Tests.ArrayComparatorTest" file="C:\Users\office2\Documents\Projects\php-project-48\tests\ArrayComparatorTest.php" line="48" assertions="1" time="0.000411"/>
        <testcase name="testCompareRemovedKeys" class="Tests\ArrayComparatorTest" classname="Tests.ArrayComparatorTest" file="C:\Users\office2\Documents\Projects\php-project-48\tests\ArrayComparatorTest.php" line="74" assertions="1" time="0.000389"/>
        <testcase name="testCompareChangedValues" class="Tests\ArrayComparatorTest" classname="Tests.ArrayComparatorTest" file="C:\Users\office2\Documents\Projects\php-project-48\tests\ArrayComparatorTest.php" line="100" assertions="1" time="0.000377"/>
        <testcase name="testCompareNestedStructures" class="Tests\ArrayComparatorTest" classname="Tests.ArrayComparatorTest" file="C:\Users\office2\Documents\Projects\php-project-48\tests\ArrayComparatorTest.php" line="122" assertions="1" time="0.000404"/>
        <testcase name="testCompareDeeplyNestedStructures" class="Tests\ArrayComparatorTest" classname="Tests.ArrayComparatorTest" file="C:\Users\office2\Documents\Projects\php-project-48\tests\ArrayComparatorTest.php" line="154" assertions="14" time="0.004774"/>
        <testcase name="testKeysAreSorted" class="Tests\ArrayComparatorTest" classname="Tests.ArrayComparatorTest" file="C:\Users\office2\Documents\Projects\php-project-48\tests\ArrayComparatorTest.php" line="186" assertions="2" time="0.000511"/>
        <testcase name="testCompareWithNullValues" class="Tests\ArrayComparatorTest" classname="Tests.ArrayComparatorTest" file="C:\Users\office2\Documents\Projects\php-project-48\tests\ArrayComparatorTest.php" line="200" assertions="1" time="0.000478"/>
        <testcase name="testCompareWithBooleanValues" class="Tests\ArrayComparatorTest" classname="Tests.ArrayComparatorTest" file="C:\Users\office2\Documents\Projects\php-project-48\tests\ArrayComparatorTest.php" line="222" assertions="1" time="0.000440"/>
        <testcase name="testCompareMixedTypes" class="Tests\ArrayComparatorTest" classname="Tests.ArrayComparatorTest" file="C:\Users\office2\Documents\Projects\php-project-48\tests\ArrayComparatorTest.php" line="244" assertions="13" time="0.000751"/>
      </testsuite>
      <testsuite name="Tests\CliTest" file="C:\Users\office2\Documents\Projects\php-project-48\tests\CliTest.php" tests="3" assertions="6" errors="0" warnings="0" failures="0" skipped="0" time="0.468580">
        <testcase name="testCliSupportsPlainFormatOption" class="Tests\CliTest" classname="Tests.CliTest" file="C:\Users\office2\Documents\Projects\php-project-48\tests\CliTest.php" line="18" assertions="2" time="0.139841"/>
        <testcase name="testCliReturnsErrorForUnknownFormat" class="Tests\CliTest" classname="Tests.CliTest" file="C:\Users\office2\Documents\Projects\php-project-48\tests\CliTest.php" line="30" assertions="2" time="0.180469"/>
        <testcase name="testCliReturnsErrorWhenFilesAreMissing" class="Tests\CliTest" classname="Tests.CliTest" file="C:\Users\office2\Documents\Projects\php-project-48\tests\CliTest.php" line="41" assertions="2" time="0.148270"/>
      </testsuite>
      <testsuite name="Tests\GendiffTest" file="C:\Users\office2\Documents\Projects\php-project-48\tests\GendiffTest.php" tests="3" assertions="3" errors="0" warnings="0" failures="0" skipped="0" time="0.005339">
        <testcase name="testGenDiffStylishFormat" class="Tests\GendiffTest" classname="Tests.GendiffTest" file="C:\Users\office2\Documents\Projects\php-project-48\tests\GendiffTest.php" line="17" assertions="1" time="0.002647"/>
        <testcase name="testGenDiffPlainFormat" class="Tests\GendiffTest" classname="Tests.GendiffTest" file="C:\Users\office2\Documents\Projects\php-project-48\tests\GendiffTest.php" line="28" assertions="1" time="0.001516"/>
        <testcase name="testGenDiffJsonFormat" class="Tests\GendiffTest" classname="Tests.GendiffTest" file="C:\Users\office2\Documents\Projects\php-project-48\tests\GendiffTest.php" line="39" assertions="1" time="0.001176"/>
      </testsuite>
      <testsuite name="Tests\JsonFormatterTest" file="C:\Users\office2\Documents\Projects\php-project-48\tests\JsonFormatterTest.php" tests="4" assertions="9" errors="0" warnings="0" failures="0" skipped="0" time="0.002671">
        <testcase name="testFormatSimpleDiff" class="Tests\JsonFormatterTest" classname="Tests.JsonFormatterTest" file="C:\Users\office2\Documents\Projects\php-project-48\tests\JsonFormatterTest.php" line="14" assertions="1" time="0.000365"/>
        <testcase name="testFormatNestedDiff" class="Tests\JsonFormatterTest" classname="Tests.JsonFormatterTest" file="C:\Users\office2\Documents\Projects\php-project-48\tests\JsonFormatterTest.php" line="43" assertions="5" time="0.001203"/>
        <testcase name="testFormatWithUnicode" class="Tests\JsonFormatterTest" classname="Tests.JsonFormatterTest" file="C:\Users\office2\Documents\Projects\php-project-48\tests\JsonFormatterTest.php" line="72" assertions="2" time="0.000482"/>
        <testcase name="testFormatEmptyDiff" class="Tests\JsonFormatterTest" classname="Tests.JsonFormatterTest" file="C:\Users\office2\Documents\Projects\php-project-48\tests\JsonFormatterTest.php" line="92" assertions="1" time="0.000620"/>
      </testsuite>
      <testsuite name="Tests\ParserTest" file="C:\Users\office2\Documents\Projects\php-project-48\tests\ParserTest.php" tests="7" assertions="10" errors="0" warnings="0" failures="0" skipped="0" time="0.018640">
        <testcase name="testParseValidJsonFile" class="Tests\ParserTest" classname="Tests.ParserTest" file="C:\Users\office2\Documents\Projects\php-project-48\tests\ParserTest.php" line="19" assertions="1" time="0.000635"/>
        <testcase name="testParseValidYamlFile" class="Tests\ParserTest" classname="Tests.ParserTest" file="C:\Users\office2\Documents\Projects\php-project-48\tests\ParserTest.php" line="35" assertions="1" time="0.006377"/>
        <testcase name="testParseValidYmlFile" class="Tests\ParserTest" classname="Tests.ParserTest" file="C:\Users\office2\Documents\Projects\php-project-48\tests\ParserTest.php" line="51" assertions="1" time="0.003703"/>
        <testcase name="testParseNonExistingFileThrowsException" class="Tests\ParserTest" classname="Tests.ParserTest" file="C:\Users\office2\Documents\Projects\php-project-48\tests\ParserTest.php" line="67" assertions="2" time="0.003360"/>
        <testcase name="testUnsupportedExtensionThrowsException" class="Tests\ParserTest" classname="Tests.ParserTest" file="C:\Users\office2\Documents\Projects\php-project-48\tests\ParserTest.php" line="77" assertions="2" time="0.001035"/>
        <testcase name="testInvalidJsonThrowsException" class="Tests\ParserTest" classname="Tests.ParserTest" file="C:\Users\office2\Documents\Projects\php-project-48\tests\ParserTest.php" line="87" assertions="2" time="0.000675"/>
        <testcase name="testParseFileHandlesBom" class="Tests\ParserTest" classname="Tests.ParserTest" file="C:\Users\office2\Documents\Projects\php-project-48\tests\ParserTest.php" line="97" assertions="1" time="0.002856"/>
      </testsuite>
      <testsuite name="Tests\PlainFormatterTest" file="C:\Users\office2\Documents\Projects\php-project-48\tests\PlainFormatterTest.php" tests="11" assertions="11" errors="0" warnings="0" failures="0" skipped="0" time="0.006823">
        <testcase name="testFormatAddedProperty" class="Tests\PlainFormatterTest" classname="Tests.PlainFormatterTest" file="C:\Users\office2\Documents\Projects\php-project-48\tests\PlainFormatterTest.php" line="14" assertions="1" time="0.000674"/>
        <testcase name="testFormatRemovedProperty" class="Tests\PlainFormatterTest" classname="Tests.PlainFormatterTest" file="C:\Users\office2\Documents\Projects\php-project-48\tests\PlainFormatterTest.php" line="32" assertions="1" time="0.000676"/>
        <testcase name="testFormatChangedProperty" class="Tests\PlainFormatterTest" classname="Tests.PlainFormatterTest" file="C:\Users\office2\Documents\Projects\php-project-48\tests\PlainFormatterTest.php" line="50" assertions="1" time="0.001060"/>
        <testcase name="testFormatNestedProperties" class="Tests\PlainFormatterTest" classname="Tests.PlainFormatterTest" file="C:\Users\office2\Documents\Projects\php-project-48\tests\PlainFormatterTest.php" line="69" assertions="1" time="0.000675"/>
        <testcase name="testFormatDeeplyNestedProperties" class="Tests\PlainFormatterTest" classname="Tests.PlainFormatterTest" file="C:\Users\office2\Documents\Projects\php-project-48\tests\PlainFormatterTest.php" line="94" assertions="1" time="0.000581"/>
        <testcase name="testFormatWithNullValue" class="Tests\PlainFormatterTest" classname="Tests.PlainFormatterTest" file="C:\Users\office2\Documents\Projects\php-project-48\tests\PlainFormatterTest.php" line="124" assertions="1" time="0.000522"/>
        <testcase name="testFormatWithBooleanValue" class="Tests\PlainFormatterTest" classname="Tests.PlainFormatterTest" file="C:\Users\office2\Documents\Projects\php-project-48\tests\PlainFormatterTest.php" line="143" assertions="1" time="0.000887"/>
        <testcase name="testFormatWithNumericValue" class="Tests\PlainFormatterTest" classname="Tests.PlainFormatterTest" file="C:\Users\office2\Documents\Projects\php-project-48\tests\PlainFormatterTest.php" line="162" assertions="1" time="0.000414"/>
        <testcase name="testFormatWithComplexValue" class="Tests\PlainFormatterTest" classname="Tests.PlainFormatterTest" file="C:\Users\office2\Documents\Projects\php-project-48\tests\PlainFormatterTest.php" line="181" assertions="1" time="0.000465"/>
        <testcase name="testFormatEmptyDiff" class="Tests\PlainFormatterTest" classname="Tests.PlainFormatterTest" file="C:\Users\office2\Documents\Projects\php-project-48\tests\PlainFormatterTest.php" line="199" assertions="1" time="0.000439"/>
        <testcase name="testFormatMultipleChanges" class="Tests\PlainFormatterTest" classname="Tests.PlainFormatterTest" file="C:\Users\office2\Documents\Projects\php-project-48\tests\PlainFormatterTest.php" line="209" assertions="1" time="0.000429"/>
      </testsuite>
      <testsuite name="Tests\StylishFormatterTest" file="C:\Users\office2\Documents\Projects\php-project-48\tests\StylishFormatterTest.php" tests="10" assertions="16" errors="0" warnings="0" failures="0" skipped="0" time="0.005172">
        <testcase name="testRenderStylishSimpleDiff" class="Tests\StylishFormatterTest" classname="Tests.StylishFormatterTest" file="C:\Users\office2\Documents\Projects\php-project-48\tests\StylishFormatterTest.php" line="14" assertions="3" time="0.000478"/>
        <testcase name="testRenderStylishAddedKey" class="Tests\StylishFormatterTest" classname="Tests.StylishFormatterTest" file="C:\Users\office2\Documents\Projects\php-project-48\tests\StylishFormatterTest.php" line="35" assertions="1" time="0.000483"/>
        <testcase name="testRenderStylishRemovedKey" class="Tests\StylishFormatterTest" classname="Tests.StylishFormatterTest" file="C:\Users\office2\Documents\Projects\php-project-48\tests\StylishFormatterTest.php" line="53" assertions="1" time="0.000458"/>
        <testcase name="testRenderStylishUnchangedKey" class="Tests\StylishFormatterTest" classname="Tests.StylishFormatterTest" file="C:\Users\office2\Documents\Projects\php-project-48\tests\StylishFormatterTest.php" line="71" assertions="1" time="0.000498"/>
        <testcase name="testRenderStylishNestedStructures" class="Tests\StylishFormatterTest" classname="Tests.StylishFormatterTest" file="C:\Users\office2\Documents\Projects\php-project-48\tests\StylishFormatterTest.php" line="89" assertions="3" time="0.000518"/>
        <testcase name="testRenderStylishWithNullValue" class="Tests\StylishFormatterTest" classname="Tests.StylishFormatterTest" file="C:\Users\office2\Documents\Projects\php-project-48\tests\StylishFormatterTest.php" line="115" assertions="1" time="0.000401"/>
        <testcase name="testRenderStylishWithBooleanValue" class="Tests\StylishFormatterTest" classname="Tests.StylishFormatterTest" file="C:\Users\office2\Documents\Projects\php-project-48\tests\StylishFormatterTest.php" line="134" assertions="1" time="0.000389"/>
        <testcase name="testRenderStylishEmptyDiff" class="Tests\StylishFormatterTest" classname="Tests.StylishFormatterTest" file="C:\Users\office2\Documents\Projects\php-project-48\tests\StylishFormatterTest.php" line="153" assertions="1" time="0.000366"/>
        <testcase name="testRenderStylishIndentation" class="Tests\StylishFormatterTest" classname="Tests.StylishFormatterTest" file="C:\Users\office2\Documents\Projects\php-project-48\tests\StylishFormatterTest.php" line="163" assertions="1" time="0.001093"/>
        <testcase name="testRenderStylishMultipleChanges" class="Tests\StylishFormatterTest" classname="Tests.StylishFormatterTest" file="C:\Users\office2\Documents\Projects\php-project-48\tests\StylishFormatterTest.php" line="195" assertions="3" time="0.000487"/>
      </testsuite>
    </testsuite>
  </testsuite>
</testsuites>
