<?xml version="1.0" encoding="UTF-8"?>
<testsuites>
  <testsuite name="" tests="50" assertions="97" errors="0" warnings="0" failures="0" skipped="0" time="0.316465">
    <testsuite name="Gendiff Test Suite" tests="50" assertions="97" errors="0" warnings="0" failures="0" skipped="0" time="0.316465">
      <testsuite name="Tests\ArrayComparatorTest" file="D:\Projects\php-project-48\tests\ArrayComparatorTest.php" tests="11" assertions="37" errors="0" warnings="0" failures="0" skipped="0" time="0.010729">
        <testcase name="testCompareIdenticalArrays" class="Tests\ArrayComparatorTest" classname="Tests.ArrayComparatorTest" file="D:\Projects\php-project-48\tests\ArrayComparatorTest.php" line="19" assertions="1" time="0.004811"/>
        <testcase name="testCompareEmptyArrays" class="Tests\ArrayComparatorTest" classname="Tests.ArrayComparatorTest" file="D:\Projects\php-project-48\tests\ArrayComparatorTest.php" line="44" assertions="1" time="0.000431"/>
        <testcase name="testCompareAddedKeys" class="Tests\ArrayComparatorTest" classname="Tests.ArrayComparatorTest" file="D:\Projects\php-project-48\tests\ArrayComparatorTest.php" line="54" assertions="1" time="0.000456"/>
        <testcase name="testCompareRemovedKeys" class="Tests\ArrayComparatorTest" classname="Tests.ArrayComparatorTest" file="D:\Projects\php-project-48\tests\ArrayComparatorTest.php" line="80" assertions="1" time="0.000463"/>
        <testcase name="testCompareChangedValues" class="Tests\ArrayComparatorTest" classname="Tests.ArrayComparatorTest" file="D:\Projects\php-project-48\tests\ArrayComparatorTest.php" line="106" assertions="1" time="0.000443"/>
        <testcase name="testCompareNestedStructures" class="Tests\ArrayComparatorTest" classname="Tests.ArrayComparatorTest" file="D:\Projects\php-project-48\tests\ArrayComparatorTest.php" line="128" assertions="1" time="0.000497"/>
        <testcase name="testCompareDeeplyNestedStructures" class="Tests\ArrayComparatorTest" classname="Tests.ArrayComparatorTest" file="D:\Projects\php-project-48\tests\ArrayComparatorTest.php" line="160" assertions="14" time="0.001255"/>
        <testcase name="testKeysAreSorted" class="Tests\ArrayComparatorTest" classname="Tests.ArrayComparatorTest" file="D:\Projects\php-project-48\tests\ArrayComparatorTest.php" line="192" assertions="2" time="0.000484"/>
        <testcase name="testCompareWithNullValues" class="Tests\ArrayComparatorTest" classname="Tests.ArrayComparatorTest" file="D:\Projects\php-project-48\tests\ArrayComparatorTest.php" line="206" assertions="1" time="0.000432"/>
        <testcase name="testCompareWithBooleanValues" class="Tests\ArrayComparatorTest" classname="Tests.ArrayComparatorTest" file="D:\Projects\php-project-48\tests\ArrayComparatorTest.php" line="228" assertions="1" time="0.000437"/>
        <testcase name="testCompareMixedTypes" class="Tests\ArrayComparatorTest" classname="Tests.ArrayComparatorTest" file="D:\Projects\php-project-48\tests\ArrayComparatorTest.php" line="250" assertions="13" time="0.001020"/>
      </testsuite>
      <testsuite name="Tests\CliTest" file="D:\Projects\php-project-48\tests\CliTest.php" tests="3" assertions="6" errors="0" warnings="0" failures="0" skipped="0" time="0.265705">
        <testcase name="testCliSupportsPlainFormatOption" class="Tests\CliTest" classname="Tests.CliTest" file="D:\Projects\php-project-48\tests\CliTest.php" line="18" assertions="2" time="0.085836"/>
        <testcase name="testCliReturnsErrorForUnknownFormat" class="Tests\CliTest" classname="Tests.CliTest" file="D:\Projects\php-project-48\tests\CliTest.php" line="30" assertions="2" time="0.090543"/>
        <testcase name="testCliReturnsErrorWhenFilesAreMissing" class="Tests\CliTest" classname="Tests.CliTest" file="D:\Projects\php-project-48\tests\CliTest.php" line="41" assertions="2" time="0.089326"/>
      </testsuite>
      <testsuite name="Tests\GendiffTest" file="D:\Projects\php-project-48\tests\GendiffTest.php" tests="3" assertions="3" errors="0" warnings="0" failures="0" skipped="0" time="0.004920">
        <testcase name="testGenDiffStylishFormat" class="Tests\GendiffTest" classname="Tests.GendiffTest" file="D:\Projects\php-project-48\tests\GendiffTest.php" line="24" assertions="1" time="0.003055"/>
        <testcase name="testGenDiffPlainFormat" class="Tests\GendiffTest" classname="Tests.GendiffTest" file="D:\Projects\php-project-48\tests\GendiffTest.php" line="38" assertions="1" time="0.000958"/>
        <testcase name="testGenDiffJsonFormat" class="Tests\GendiffTest" classname="Tests.GendiffTest" file="D:\Projects\php-project-48\tests\GendiffTest.php" line="52" assertions="1" time="0.000907"/>
      </testsuite>
      <testsuite name="Tests\JsonFormatterTest" file="D:\Projects\php-project-48\tests\JsonFormatterTest.php" tests="4" assertions="9" errors="0" warnings="0" failures="0" skipped="0" time="0.002202">
        <testcase name="testFormatSimpleDiff" class="Tests\JsonFormatterTest" classname="Tests.JsonFormatterTest" file="D:\Projects\php-project-48\tests\JsonFormatterTest.php" line="21" assertions="1" time="0.000391"/>
        <testcase name="testFormatNestedDiff" class="Tests\JsonFormatterTest" classname="Tests.JsonFormatterTest" file="D:\Projects\php-project-48\tests\JsonFormatterTest.php" line="50" assertions="5" time="0.000984"/>
        <testcase name="testFormatWithUnicode" class="Tests\JsonFormatterTest" classname="Tests.JsonFormatterTest" file="D:\Projects\php-project-48\tests\JsonFormatterTest.php" line="79" assertions="2" time="0.000444"/>
        <testcase name="testFormatEmptyDiff" class="Tests\JsonFormatterTest" classname="Tests.JsonFormatterTest" file="D:\Projects\php-project-48\tests\JsonFormatterTest.php" line="99" assertions="1" time="0.000382"/>
      </testsuite>
      <testsuite name="Tests\ParserTest" file="D:\Projects\php-project-48\tests\ParserTest.php" tests="8" assertions="11" errors="0" warnings="0" failures="0" skipped="0" time="0.023251">
        <testcase name="testParseValidJsonFile" class="Tests\ParserTest" classname="Tests.ParserTest" file="D:\Projects\php-project-48\tests\ParserTest.php" line="21" assertions="1" time="0.000490"/>
        <testcase name="testParseValidYamlFile" class="Tests\ParserTest" classname="Tests.ParserTest" file="D:\Projects\php-project-48\tests\ParserTest.php" line="37" assertions="1" time="0.004802"/>
        <testcase name="testParseValidYmlFile" class="Tests\ParserTest" classname="Tests.ParserTest" file="D:\Projects\php-project-48\tests\ParserTest.php" line="53" assertions="1" time="0.008894"/>
        <testcase name="testParseNonExistingFileThrowsException" class="Tests\ParserTest" classname="Tests.ParserTest" file="D:\Projects\php-project-48\tests\ParserTest.php" line="69" assertions="2" time="0.002086"/>
        <testcase name="testUnsupportedExtensionThrowsException" class="Tests\ParserTest" classname="Tests.ParserTest" file="D:\Projects\php-project-48\tests\ParserTest.php" line="79" assertions="2" time="0.001056"/>
        <testcase name="testInvalidJsonThrowsException" class="Tests\ParserTest" classname="Tests.ParserTest" file="D:\Projects\php-project-48\tests\ParserTest.php" line="89" assertions="2" time="0.001105"/>
        <testcase name="testParseFileHandlesBom" class="Tests\ParserTest" classname="Tests.ParserTest" file="D:\Projects\php-project-48\tests\ParserTest.php" line="99" assertions="1" time="0.002322"/>
        <testcase name="testParseFileHandlesUtf16LeBom" class="Tests\ParserTest" classname="Tests.ParserTest" file="D:\Projects\php-project-48\tests\ParserTest.php" line="113" assertions="1" time="0.002496"/>
      </testsuite>
      <testsuite name="Tests\PlainFormatterTest" file="D:\Projects\php-project-48\tests\PlainFormatterTest.php" tests="11" assertions="11" errors="0" warnings="0" failures="0" skipped="0" time="0.004553">
        <testcase name="testFormatAddedProperty" class="Tests\PlainFormatterTest" classname="Tests.PlainFormatterTest" file="D:\Projects\php-project-48\tests\PlainFormatterTest.php" line="21" assertions="1" time="0.000442"/>
        <testcase name="testFormatRemovedProperty" class="Tests\PlainFormatterTest" classname="Tests.PlainFormatterTest" file="D:\Projects\php-project-48\tests\PlainFormatterTest.php" line="39" assertions="1" time="0.000395"/>
        <testcase name="testFormatChangedProperty" class="Tests\PlainFormatterTest" classname="Tests.PlainFormatterTest" file="D:\Projects\php-project-48\tests\PlainFormatterTest.php" line="57" assertions="1" time="0.000410"/>
        <testcase name="testFormatNestedProperties" class="Tests\PlainFormatterTest" classname="Tests.PlainFormatterTest" file="D:\Projects\php-project-48\tests\PlainFormatterTest.php" line="76" assertions="1" time="0.000436"/>
        <testcase name="testFormatDeeplyNestedProperties" class="Tests\PlainFormatterTest" classname="Tests.PlainFormatterTest" file="D:\Projects\php-project-48\tests\PlainFormatterTest.php" line="101" assertions="1" time="0.000441"/>
        <testcase name="testFormatWithNullValue" class="Tests\PlainFormatterTest" classname="Tests.PlainFormatterTest" file="D:\Projects\php-project-48\tests\PlainFormatterTest.php" line="131" assertions="1" time="0.000407"/>
        <testcase name="testFormatWithBooleanValue" class="Tests\PlainFormatterTest" classname="Tests.PlainFormatterTest" file="D:\Projects\php-project-48\tests\PlainFormatterTest.php" line="150" assertions="1" time="0.000407"/>
        <testcase name="testFormatWithNumericValue" class="Tests\PlainFormatterTest" classname="Tests.PlainFormatterTest" file="D:\Projects\php-project-48\tests\PlainFormatterTest.php" line="169" assertions="1" time="0.000408"/>
        <testcase name="testFormatWithComplexValue" class="Tests\PlainFormatterTest" classname="Tests.PlainFormatterTest" file="D:\Projects\php-project-48\tests\PlainFormatterTest.php" line="188" assertions="1" time="0.000395"/>
        <testcase name="testFormatEmptyDiff" class="Tests\PlainFormatterTest" classname="Tests.PlainFormatterTest" file="D:\Projects\php-project-48\tests\PlainFormatterTest.php" line="206" assertions="1" time="0.000380"/>
        <testcase name="testFormatMultipleChanges" class="Tests\PlainFormatterTest" classname="Tests.PlainFormatterTest" file="D:\Projects\php-project-48\tests\PlainFormatterTest.php" line="216" assertions="1" time="0.000433"/>
      </testsuite>
      <testsuite name="Tests\StylishFormatterTest" file="D:\Projects\php-project-48\tests\StylishFormatterTest.php" tests="10" assertions="20" errors="0" warnings="0" failures="0" skipped="0" time="0.005106">
        <testcase name="testRenderStylishSimpleDiff" class="Tests\StylishFormatterTest" classname="Tests.StylishFormatterTest" file="D:\Projects\php-project-48\tests\StylishFormatterTest.php" line="21" assertions="4" time="0.000552"/>
        <testcase name="testRenderStylishAddedKey" class="Tests\StylishFormatterTest" classname="Tests.StylishFormatterTest" file="D:\Projects\php-project-48\tests\StylishFormatterTest.php" line="43" assertions="1" time="0.000442"/>
        <testcase name="testRenderStylishRemovedKey" class="Tests\StylishFormatterTest" classname="Tests.StylishFormatterTest" file="D:\Projects\php-project-48\tests\StylishFormatterTest.php" line="61" assertions="1" time="0.000423"/>
        <testcase name="testRenderStylishUnchangedKey" class="Tests\StylishFormatterTest" classname="Tests.StylishFormatterTest" file="D:\Projects\php-project-48\tests\StylishFormatterTest.php" line="79" assertions="1" time="0.000421"/>
        <testcase name="testRenderStylishNestedStructures" class="Tests\StylishFormatterTest" classname="Tests.StylishFormatterTest" file="D:\Projects\php-project-48\tests\StylishFormatterTest.php" line="97" assertions="3" time="0.000522"/>
        <testcase name="testRenderStylishWithNullValue" class="Tests\StylishFormatterTest" classname="Tests.StylishFormatterTest" file="D:\Projects\php-project-48\tests\StylishFormatterTest.php" line="123" assertions="2" time="0.000462"/>
        <testcase name="testRenderStylishWithBooleanValue" class="Tests\StylishFormatterTest" classname="Tests.StylishFormatterTest" file="D:\Projects\php-project-48\tests\StylishFormatterTest.php" line="143" assertions="2" time="0.000465"/>
        <testcase name="testRenderStylishEmptyDiff" class="Tests\StylishFormatterTest" classname="Tests.StylishFormatterTest" file="D:\Projects\php-project-48\tests\StylishFormatterTest.php" line="163" assertions="1" time="0.000389"/>
        <testcase name="testRenderStylishIndentation" class="Tests\StylishFormatterTest" classname="Tests.StylishFormatterTest" file="D:\Projects\php-project-48\tests\StylishFormatterTest.php" line="173" assertions="1" time="0.000849"/>
        <testcase name="testRenderStylishMultipleChanges" class="Tests\StylishFormatterTest" classname="Tests.StylishFormatterTest" file="D:\Projects\php-project-48\tests\StylishFormatterTest.php" line="205" assertions="4" time="0.000581"/>
      </testsuite>
    </testsuite>
  </testsuite>
</testsuites>
