<?xml version="1.0" encoding="UTF-8"?>
<coverage generated="1772021244">
  <project timestamp="1772021244">
    <file name="C:\Users\office2\Documents\Projects\php-project-48\src\Gendiff.php">
      <class name="Hexlet\Gendiff\Gendiff" namespace="global">
        <metrics complexity="28" methods="6" coveredmethods="0" conditionals="0" coveredconditionals="0" statements="52" coveredstatements="7" elements="58" coveredelements="7"/>
      </class>
      <line num="19" type="method" name="compareFiles" visibility="public" complexity="2" crap="2.01" count="3"/>
      <line num="21" type="stmt" count="3"/>
      <line num="22" type="stmt" count="3"/>
      <line num="24" type="stmt" count="3"/>
      <line num="25" type="stmt" count="3"/>
      <line num="27" type="stmt" count="3"/>
      <line num="29" type="stmt" count="3"/>
      <line num="30" type="stmt" count="0"/>
      <line num="33" type="stmt" count="3"/>
      <line num="39" type="method" name="applyColor" visibility="private" complexity="6" crap="42" count="0"/>
      <line num="42" type="stmt" count="0"/>
      <line num="43" type="stmt" count="0"/>
      <line num="47" type="stmt" count="0"/>
      <line num="48" type="stmt" count="0"/>
      <line num="49" type="stmt" count="0"/>
      <line num="50" type="stmt" count="0"/>
      <line num="51" type="stmt" count="0"/>
      <line num="52" type="stmt" count="0"/>
      <line num="54" type="stmt" count="0"/>
      <line num="61" type="method" name="supportsColor" visibility="private" complexity="6" crap="42" count="0"/>
      <line num="64" type="stmt" count="0"/>
      <line num="65" type="stmt" count="0"/>
      <line num="69" type="stmt" count="0"/>
      <line num="70" type="stmt" count="0"/>
      <line num="74" type="stmt" count="0"/>
      <line num="75" type="stmt" count="0"/>
      <line num="76" type="stmt" count="0"/>
      <line num="79" type="stmt" count="0"/>
      <line num="85" type="method" name="colorizePlainDiff" visibility="private" complexity="6" crap="42" count="0"/>
      <line num="87" type="stmt" count="0"/>
      <line num="88" type="stmt" count="0"/>
      <line num="90" type="stmt" count="0"/>
      <line num="91" type="stmt" count="0"/>
      <line num="92" type="stmt" count="0"/>
      <line num="93" type="stmt" count="0"/>
      <line num="94" type="stmt" count="0"/>
      <line num="95" type="stmt" count="0"/>
      <line num="96" type="stmt" count="0"/>
      <line num="97" type="stmt" count="0"/>
      <line num="99" type="stmt" count="0"/>
      <line num="102" type="stmt" count="0"/>
      <line num="106" type="stmt" count="0"/>
      <line num="112" type="method" name="colorizeStylishDiff" visibility="private" complexity="7" crap="56" count="0"/>
      <line num="114" type="stmt" count="0"/>
      <line num="115" type="stmt" count="0"/>
      <line num="117" type="stmt" count="0"/>
      <line num="118" type="stmt" count="0"/>
      <line num="120" type="stmt" count="0"/>
      <line num="121" type="stmt" count="0"/>
      <line num="123" type="stmt" count="0"/>
      <line num="124" type="stmt" count="0"/>
      <line num="126" type="stmt" count="0"/>
      <line num="127" type="stmt" count="0"/>
      <line num="129" type="stmt" count="0"/>
      <line num="131" type="stmt" count="0"/>
      <line num="135" type="stmt" count="0"/>
      <line num="141" type="method" name="colorizeJsonDiff" visibility="private" complexity="1" crap="2" count="0"/>
      <line num="143" type="stmt" count="0"/>
      <metrics loc="146" ncloc="115" classes="1" methods="6" coveredmethods="0" conditionals="0" coveredconditionals="0" statements="52" coveredstatements="7" elements="58" coveredelements="7"/>
    </file>
    <file name="C:\Users\office2\Documents\Projects\php-project-48\src\Generator.php">
      <class name="Hexlet\Gendiff\Generator" namespace="global">
        <metrics complexity="26" methods="5" coveredmethods="3" conditionals="0" coveredconditionals="0" statements="64" coveredstatements="61" elements="69" coveredelements="64"/>
      </class>
      <line num="7" type="method" name="generateDiff" visibility="public" complexity="5" crap="5" count="7"/>
      <line num="10" type="stmt" count="7"/>
      <line num="11" type="stmt" count="2"/>
      <line num="12" type="stmt" count="5"/>
      <line num="13" type="stmt" count="2"/>
      <line num="14" type="stmt" count="3"/>
      <line num="15" type="stmt" count="2"/>
      <line num="17" type="stmt" count="1"/>
      <line num="21" type="method" name="generatePlainDiff" visibility="private" complexity="5" crap="5.02" count="2"/>
      <line num="23" type="stmt" count="2"/>
      <line num="24" type="stmt" count="2"/>
      <line num="26" type="stmt" count="2"/>
      <line num="27" type="stmt" count="2"/>
      <line num="30" type="stmt" count="2"/>
      <line num="31" type="stmt" count="2"/>
      <line num="34" type="stmt" count="2"/>
      <line num="35" type="stmt" count="2"/>
      <line num="38" type="stmt" count="2"/>
      <line num="39" type="stmt" count="0"/>
      <line num="42" type="stmt" count="2"/>
      <line num="45" type="method" name="generateStylishDiff" visibility="private" complexity="5" crap="5" count="2"/>
      <line num="47" type="stmt" count="2"/>
      <line num="48" type="stmt" count="2"/>
      <line num="49" type="stmt" count="2"/>
      <line num="52" type="stmt" count="2"/>
      <line num="53" type="stmt" count="2"/>
      <line num="54" type="stmt" count="2"/>
      <line num="55" type="stmt" count="2"/>
      <line num="56" type="stmt" count="2"/>
      <line num="58" type="stmt" count="2"/>
      <line num="59" type="stmt" count="2"/>
      <line num="60" type="stmt" count="2"/>
      <line num="61" type="stmt" count="2"/>
      <line num="62" type="stmt" count="2"/>
      <line num="63" type="stmt" count="2"/>
      <line num="64" type="stmt" count="2"/>
      <line num="65" type="stmt" count="2"/>
      <line num="68" type="stmt" count="2"/>
      <line num="69" type="stmt" count="2"/>
      <line num="73" type="stmt" count="2"/>
      <line num="74" type="stmt" count="2"/>
      <line num="80" type="method" name="formatValue" visibility="private" complexity="5" crap="5.58" count="2"/>
      <line num="82" type="stmt" count="2"/>
      <line num="83" type="stmt" count="0"/>
      <line num="84" type="stmt" count="2"/>
      <line num="85" type="stmt" count="2"/>
      <line num="86" type="stmt" count="2"/>
      <line num="87" type="stmt" count="0"/>
      <line num="89" type="stmt" count="2"/>
      <line num="93" type="method" name="calculateDiff" visibility="private" complexity="6" crap="6" count="6"/>
      <line num="95" type="stmt" count="6"/>
      <line num="96" type="stmt" count="6"/>
      <line num="97" type="stmt" count="6"/>
      <line num="98" type="stmt" count="6"/>
      <line num="99" type="stmt" count="6"/>
      <line num="100" type="stmt" count="6"/>
      <line num="103" type="stmt" count="6"/>
      <line num="104" type="stmt" count="6"/>
      <line num="105" type="stmt" count="6"/>
      <line num="106" type="stmt" count="6"/>
      <line num="108" type="stmt" count="6"/>
      <line num="109" type="stmt" count="6"/>
      <line num="110" type="stmt" count="6"/>
      <line num="111" type="stmt" count="6"/>
      <line num="114" type="stmt" count="6"/>
      <line num="119" type="stmt" count="6"/>
      <line num="120" type="stmt" count="6"/>
      <line num="121" type="stmt" count="6"/>
      <line num="125" type="stmt" count="6"/>
      <metrics loc="128" ncloc="119" classes="1" methods="5" coveredmethods="3" conditionals="0" coveredconditionals="0" statements="64" coveredstatements="61" elements="69" coveredelements="64"/>
    </file>
    <file name="C:\Users\office2\Documents\Projects\php-project-48\src\Parser.php">
      <class name="Hexlet\Gendiff\Parser" namespace="global">
        <metrics complexity="14" methods="3" coveredmethods="0" conditionals="0" coveredconditionals="0" statements="28" coveredstatements="24" elements="31" coveredelements="24"/>
      </class>
      <line num="7" type="method" name="parseFile" visibility="public" complexity="6" crap="6" count="8"/>
      <line num="9" type="stmt" count="8"/>
      <line num="11" type="stmt" count="8"/>
      <line num="12" type="stmt" count="1"/>
      <line num="15" type="stmt" count="7"/>
      <line num="16" type="stmt" count="7"/>
      <line num="17" type="stmt" count="0"/>
      <line num="21" type="stmt" count="7"/>
      <line num="22" type="stmt" count="1"/>
      <line num="25" type="stmt" count="7"/>
      <line num="26" type="stmt" count="7"/>
      <line num="27" type="stmt" count="1"/>
      <line num="30" type="stmt" count="6"/>
      <line num="32" type="stmt" count="6"/>
      <line num="33" type="stmt" count="1"/>
      <line num="34" type="stmt" count="1"/>
      <line num="35" type="stmt" count="1"/>
      <line num="36" type="stmt" count="1"/>
      <line num="37" type="stmt" count="1"/>
      <line num="38" type="stmt" count="1"/>
      <line num="41" type="stmt" count="5"/>
      <line num="44" type="method" name="normalizePath" visibility="private" complexity="3" crap="3.33" count="8"/>
      <line num="46" type="stmt" count="8"/>
      <line num="47" type="stmt" count="8"/>
      <line num="49" type="stmt" count="0"/>
      <line num="52" type="method" name="isAbsolutePath" visibility="private" complexity="5" crap="6.60" count="8"/>
      <line num="54" type="stmt" count="8"/>
      <line num="55" type="stmt" count="0"/>
      <line num="57" type="stmt" count="8"/>
      <line num="58" type="stmt" count="8"/>
      <line num="60" type="stmt" count="0"/>
      <metrics loc="63" ncloc="62" classes="1" methods="3" coveredmethods="0" conditionals="0" coveredconditionals="0" statements="28" coveredstatements="24" elements="31" coveredelements="24"/>
    </file>
    <file name="C:\Users\office2\Documents\Projects\php-project-48\src\functions.php">
      <line num="9" type="stmt" count="2"/>
      <metrics loc="11" ncloc="11" classes="0" methods="0" coveredmethods="0" conditionals="0" coveredconditionals="0" statements="1" coveredstatements="1" elements="1" coveredelements="1"/>
    </file>
    <metrics files="4" loc="348" ncloc="307" classes="3" methods="14" coveredmethods="3" conditionals="0" coveredconditionals="0" statements="145" coveredstatements="93" elements="159" coveredelements="96"/>
  </project>
</coverage>
