<?xml version="1.0" encoding="UTF-8"?>
<coverage generated="1772978315">
  <project timestamp="1772978315">
    <file name="D:\Projects\php-project-48\src\DataParser.php">
      <class name="Hexlet\Gendiff\DataParser" namespace="global">
        <metrics complexity="21" methods="6" coveredmethods="4" conditionals="0" coveredconditionals="0" statements="38" coveredstatements="23" elements="44" coveredelements="27"/>
      </class>
      <line num="24" type="method" name="parseToArray" visibility="public" complexity="2" crap="2" count="10"/>
      <line num="26" type="stmt" count="10"/>
      <line num="28" type="stmt" count="8"/>
      <line num="31" type="method" name="parseToObject" visibility="public" complexity="4" crap="20" count="0"/>
      <line num="33" type="stmt" count="0"/>
      <line num="35" type="stmt" count="0"/>
      <line num="36" type="stmt" count="0"/>
      <line num="39" type="stmt" count="0"/>
      <line num="40" type="stmt" count="0"/>
      <line num="41" type="stmt" count="0"/>
      <line num="44" type="stmt" count="0"/>
      <line num="47" type="method" name="parse" visibility="private" complexity="2" crap="2" count="10"/>
      <line num="49" type="stmt" count="10"/>
      <line num="50" type="stmt" count="10"/>
      <line num="51" type="stmt" count="1"/>
      <line num="54" type="stmt" count="9"/>
      <line num="56" type="stmt" count="9"/>
      <line num="59" type="method" name="normalizeContent" visibility="private" complexity="4" crap="4" count="9"/>
      <line num="61" type="stmt" count="9"/>
      <line num="62" type="stmt" count="9"/>
      <line num="63" type="stmt" count="9"/>
      <line num="64" type="stmt" count="9"/>
      <line num="65" type="stmt" count="9"/>
      <line num="67" type="stmt" count="9"/>
      <line num="68" type="stmt" count="9"/>
      <line num="69" type="stmt" count="2"/>
      <line num="70" type="stmt" count="2"/>
      <line num="74" type="stmt" count="7"/>
      <line num="77" type="method" name="parseJson" visibility="private" complexity="2" crap="2" count="7"/>
      <line num="80" type="stmt" count="7"/>
      <line num="81" type="stmt" count="1"/>
      <line num="82" type="stmt" count="1"/>
      <line num="86" type="method" name="parseYaml" visibility="private" complexity="7" crap="25.85" count="2"/>
      <line num="89" type="stmt" count="2"/>
      <line num="90" type="stmt" count="0"/>
      <line num="91" type="stmt" count="0"/>
      <line num="94" type="stmt" count="2"/>
      <line num="95" type="stmt" count="2"/>
      <line num="98" type="stmt" count="0"/>
      <line num="99" type="stmt" count="0"/>
      <line num="102" type="stmt" count="0"/>
      <line num="103" type="stmt" count="0"/>
      <line num="104" type="stmt" count="0"/>
      <line num="107" type="stmt" count="0"/>
      <metrics loc="110" ncloc="105" classes="1" methods="6" coveredmethods="4" conditionals="0" coveredconditionals="0" statements="38" coveredstatements="23" elements="44" coveredelements="27"/>
    </file>
    <file name="D:\Projects\php-project-48\src\Exception\FileNotFoundException.php">
      <class name="Hexlet\Gendiff\Exception\FileNotFoundException" namespace="global">
        <metrics complexity="0" methods="0" coveredmethods="0" conditionals="0" coveredconditionals="0" statements="0" coveredstatements="0" elements="0" coveredelements="0"/>
      </class>
      <metrics loc="8" ncloc="8" classes="0" methods="0" coveredmethods="0" conditionals="0" coveredconditionals="0" statements="0" coveredstatements="0" elements="0" coveredelements="0"/>
    </file>
    <file name="D:\Projects\php-project-48\src\Exception\JsonEncodeException.php">
      <class name="Hexlet\Gendiff\Exception\JsonEncodeException" namespace="global">
        <metrics complexity="0" methods="0" coveredmethods="0" conditionals="0" coveredconditionals="0" statements="0" coveredstatements="0" elements="0" coveredelements="0"/>
      </class>
      <metrics loc="9" ncloc="9" classes="0" methods="0" coveredmethods="0" conditionals="0" coveredconditionals="0" statements="0" coveredstatements="0" elements="0" coveredelements="0"/>
    </file>
    <file name="D:\Projects\php-project-48\src\Exception\ParseException.php">
      <class name="Hexlet\Gendiff\Exception\ParseException" namespace="global">
        <metrics complexity="0" methods="0" coveredmethods="0" conditionals="0" coveredconditionals="0" statements="0" coveredstatements="0" elements="0" coveredelements="0"/>
      </class>
      <metrics loc="8" ncloc="8" classes="0" methods="0" coveredmethods="0" conditionals="0" coveredconditionals="0" statements="0" coveredstatements="0" elements="0" coveredelements="0"/>
    </file>
    <file name="D:\Projects\php-project-48\src\Exception\UnsupportedFormatException.php">
      <class name="Hexlet\Gendiff\Exception\UnsupportedFormatException" namespace="global">
        <metrics complexity="0" methods="0" coveredmethods="0" conditionals="0" coveredconditionals="0" statements="0" coveredstatements="0" elements="0" coveredelements="0"/>
      </class>
      <metrics loc="9" ncloc="9" classes="0" methods="0" coveredmethods="0" conditionals="0" coveredconditionals="0" statements="0" coveredstatements="0" elements="0" coveredelements="0"/>
    </file>
    <file name="D:\Projects\php-project-48\src\FileReader.php">
      <class name="Hexlet\Gendiff\FileReader" namespace="global">
        <metrics complexity="6" methods="2" coveredmethods="1" conditionals="0" coveredconditionals="0" statements="12" coveredstatements="10" elements="14" coveredelements="11"/>
      </class>
      <line num="9" type="method" name="resolvePath" visibility="public" complexity="3" crap="3" count="11"/>
      <line num="11" type="stmt" count="11"/>
      <line num="12" type="stmt" count="11"/>
      <line num="13" type="stmt" count="10"/>
      <line num="16" type="stmt" count="1"/>
      <line num="18" type="stmt" count="1"/>
      <line num="21" type="method" name="read" visibility="public" complexity="3" crap="3.21" count="11"/>
      <line num="23" type="stmt" count="11"/>
      <line num="24" type="stmt" count="1"/>
      <line num="27" type="stmt" count="10"/>
      <line num="28" type="stmt" count="10"/>
      <line num="29" type="stmt" count="0"/>
      <line num="30" type="stmt" count="0"/>
      <line num="33" type="stmt" count="10"/>
      <metrics loc="36" ncloc="36" classes="1" methods="2" coveredmethods="1" conditionals="0" coveredconditionals="0" statements="12" coveredstatements="10" elements="14" coveredelements="11"/>
    </file>
    <file name="D:\Projects\php-project-48\src\Formatters.php">
      <class name="Hexlet\Gendiff\Formatters" namespace="global">
        <metrics complexity="3" methods="2" coveredmethods="1" conditionals="0" coveredconditionals="0" statements="8" coveredstatements="7" elements="10" coveredelements="8"/>
      </class>
      <line num="21" type="method" name="__construct" visibility="public" complexity="1" crap="1" count="3"/>
      <line num="23" type="stmt" count="3"/>
      <line num="24" type="stmt" count="3"/>
      <line num="25" type="stmt" count="3"/>
      <line num="26" type="stmt" count="3"/>
      <line num="30" type="method" name="format" visibility="public" complexity="2" crap="2.06" count="3"/>
      <line num="32" type="stmt" count="3"/>
      <line num="33" type="stmt" count="3"/>
      <line num="34" type="stmt" count="0"/>
      <line num="37" type="stmt" count="3"/>
      <metrics loc="40" ncloc="34" classes="1" methods="2" coveredmethods="1" conditionals="0" coveredconditionals="0" statements="8" coveredstatements="7" elements="10" coveredelements="8"/>
    </file>
    <file name="D:\Projects\php-project-48\src\Formatters\FormatterInterface.php">
      <metrics loc="18" ncloc="9" classes="0" methods="0" coveredmethods="0" conditionals="0" coveredconditionals="0" statements="0" coveredstatements="0" elements="0" coveredelements="0"/>
    </file>
    <file name="D:\Projects\php-project-48\src\Formatters\JsonFormatter.php">
      <class name="Hexlet\Gendiff\Formatters\JsonFormatter" namespace="global">
        <metrics complexity="2" methods="1" coveredmethods="0" conditionals="0" coveredconditionals="0" statements="4" coveredstatements="3" elements="5" coveredelements="3"/>
      </class>
      <line num="9" type="method" name="format" visibility="public" complexity="2" crap="2.06" count="5"/>
      <line num="11" type="stmt" count="5"/>
      <line num="12" type="stmt" count="5"/>
      <line num="13" type="stmt" count="0"/>
      <line num="16" type="stmt" count="5"/>
      <metrics loc="19" ncloc="19" classes="1" methods="1" coveredmethods="0" conditionals="0" coveredconditionals="0" statements="4" coveredstatements="3" elements="5" coveredelements="3"/>
    </file>
    <file name="D:\Projects\php-project-48\src\Formatters\PlainFormatter.php">
      <class name="Hexlet\Gendiff\Formatters\PlainFormatter" namespace="global">
        <metrics complexity="13" methods="3" coveredmethods="3" conditionals="0" coveredconditionals="0" statements="29" coveredstatements="29" elements="32" coveredelements="32"/>
      </class>
      <line num="18" type="method" name="format" visibility="public" complexity="8" crap="8" count="12"/>
      <line num="20" type="stmt" count="12"/>
      <line num="22" type="stmt" count="12"/>
      <line num="23" type="stmt" count="11"/>
      <line num="24" type="stmt" count="11"/>
      <line num="26" type="stmt" count="11"/>
      <line num="27" type="stmt" count="5"/>
      <line num="28" type="stmt" count="5"/>
      <line num="29" type="stmt" count="5"/>
      <line num="32" type="stmt" count="9"/>
      <line num="33" type="stmt" count="3"/>
      <line num="34" type="stmt" count="3"/>
      <line num="37" type="stmt" count="8"/>
      <line num="38" type="stmt" count="7"/>
      <line num="39" type="stmt" count="7"/>
      <line num="40" type="stmt" count="7"/>
      <line num="41" type="stmt" count="7"/>
      <line num="44" type="stmt" count="3"/>
      <line num="45" type="stmt" count="2"/>
      <line num="46" type="stmt" count="2"/>
      <line num="47" type="stmt" count="2"/>
      <line num="52" type="stmt" count="12"/>
      <line num="62" type="method" name="renderPlain" visibility="private" complexity="1" crap="1" count="2"/>
      <line num="64" type="stmt" count="2"/>
      <line num="73" type="method" name="formatPlainValue" visibility="private" complexity="4" crap="4" count="10"/>
      <line num="75" type="stmt" count="10"/>
      <line num="76" type="stmt" count="1"/>
      <line num="79" type="stmt" count="9"/>
      <line num="80" type="stmt" count="9"/>
      <line num="81" type="stmt" count="9"/>
      <line num="82" type="stmt" count="9"/>
      <line num="83" type="stmt" count="9"/>
      <metrics loc="86" ncloc="62" classes="1" methods="3" coveredmethods="3" conditionals="0" coveredconditionals="0" statements="29" coveredstatements="29" elements="32" coveredelements="32"/>
    </file>
    <file name="D:\Projects\php-project-48\src\Formatters\StylishFormatter.php">
      <class name="Hexlet\Gendiff\Formatters\StylishFormatter" namespace="global">
        <metrics complexity="9" methods="3" coveredmethods="2" conditionals="0" coveredconditionals="0" statements="39" coveredstatements="32" elements="42" coveredelements="34"/>
      </class>
      <line num="7" type="method" name="format" visibility="public" complexity="1" crap="1" count="1"/>
      <line num="9" type="stmt" count="1"/>
      <line num="12" type="method" name="renderStylish" visibility="public" complexity="4" crap="4" count="11"/>
      <line num="14" type="stmt" count="11"/>
      <line num="15" type="stmt" count="11"/>
      <line num="16" type="stmt" count="11"/>
      <line num="18" type="stmt" count="11"/>
      <line num="19" type="stmt" count="10"/>
      <line num="20" type="stmt" count="10"/>
      <line num="22" type="stmt" count="10"/>
      <line num="23" type="stmt" count="2"/>
      <line num="24" type="stmt" count="2"/>
      <line num="25" type="stmt" count="2"/>
      <line num="28" type="stmt" count="10"/>
      <line num="29" type="stmt" count="5"/>
      <line num="30" type="stmt" count="5"/>
      <line num="31" type="stmt" count="5"/>
      <line num="32" type="stmt" count="5"/>
      <line num="33" type="stmt" count="5"/>
      <line num="36" type="stmt" count="7"/>
      <line num="37" type="stmt" count="7"/>
      <line num="38" type="stmt" count="7"/>
      <line num="39" type="stmt" count="7"/>
      <line num="40" type="stmt" count="7"/>
      <line num="42" type="stmt" count="7"/>
      <line num="43" type="stmt" count="7"/>
      <line num="46" type="stmt" count="11"/>
      <line num="48" type="stmt" count="11"/>
      <line num="51" type="method" name="stringify" visibility="private" complexity="4" crap="6.50" count="10"/>
      <line num="53" type="stmt" count="10"/>
      <line num="54" type="stmt" count="10"/>
      <line num="55" type="stmt" count="10"/>
      <line num="56" type="stmt" count="10"/>
      <line num="57" type="stmt" count="10"/>
      <line num="58" type="stmt" count="10"/>
      <line num="61" type="stmt" count="0"/>
      <line num="62" type="stmt" count="0"/>
      <line num="64" type="stmt" count="0"/>
      <line num="65" type="stmt" count="0"/>
      <line num="66" type="stmt" count="0"/>
      <line num="69" type="stmt" count="0"/>
      <line num="71" type="stmt" count="0"/>
      <metrics loc="74" ncloc="74" classes="1" methods="3" coveredmethods="2" conditionals="0" coveredconditionals="0" statements="39" coveredstatements="32" elements="42" coveredelements="34"/>
    </file>
    <file name="D:\Projects\php-project-48\src\Gendiff.php">
      <class name="Hexlet\Gendiff\Gendiff" namespace="global">
        <metrics complexity="2" methods="2" coveredmethods="2" conditionals="0" coveredconditionals="0" statements="7" coveredstatements="7" elements="9" coveredelements="9"/>
      </class>
      <line num="9" type="method" name="__construct" visibility="public" complexity="1" crap="1" count="3"/>
      <line num="14" type="stmt" count="3"/>
      <line num="15" type="stmt" count="3"/>
      <line num="16" type="stmt" count="3"/>
      <line num="19" type="method" name="compareFiles" visibility="public" complexity="1" crap="1" count="3"/>
      <line num="21" type="stmt" count="3"/>
      <line num="22" type="stmt" count="3"/>
      <line num="24" type="stmt" count="3"/>
      <line num="26" type="stmt" count="3"/>
      <metrics loc="29" ncloc="29" classes="1" methods="2" coveredmethods="2" conditionals="0" coveredconditionals="0" statements="7" coveredstatements="7" elements="9" coveredelements="9"/>
    </file>
    <file name="D:\Projects\php-project-48\src\Parser.php">
      <class name="Hexlet\Gendiff\Parser" namespace="global">
        <metrics complexity="2" methods="2" coveredmethods="2" conditionals="0" coveredconditionals="0" statements="6" coveredstatements="6" elements="8" coveredelements="8"/>
      </class>
      <line num="7" type="method" name="__construct" visibility="public" complexity="1" crap="1" count="11"/>
      <line num="11" type="stmt" count="11"/>
      <line num="12" type="stmt" count="11"/>
      <line num="15" type="method" name="parseFile" visibility="public" complexity="1" crap="1" count="11"/>
      <line num="17" type="stmt" count="11"/>
      <line num="18" type="stmt" count="11"/>
      <line num="20" type="stmt" count="10"/>
      <line num="22" type="stmt" count="10"/>
      <metrics loc="25" ncloc="25" classes="1" methods="2" coveredmethods="2" conditionals="0" coveredconditionals="0" statements="6" coveredstatements="6" elements="8" coveredelements="8"/>
    </file>
    <file name="D:\Projects\php-project-48\src\Utils\ArrayComparator.php">
      <class name="Hexlet\Gendiff\Utils\ArrayComparator" namespace="global">
        <metrics complexity="6" methods="1" coveredmethods="1" conditionals="0" coveredconditionals="0" statements="36" coveredstatements="36" elements="37" coveredelements="37"/>
      </class>
      <line num="15" type="method" name="compare" visibility="public" complexity="6" crap="6" count="14"/>
      <line num="17" type="stmt" count="14"/>
      <line num="18" type="stmt" count="14"/>
      <line num="20" type="stmt" count="14"/>
      <line num="21" type="stmt" count="13"/>
      <line num="22" type="stmt" count="13"/>
      <line num="24" type="stmt" count="13"/>
      <line num="25" type="stmt" count="5"/>
      <line num="26" type="stmt" count="5"/>
      <line num="27" type="stmt" count="5"/>
      <line num="28" type="stmt" count="5"/>
      <line num="29" type="stmt" count="5"/>
      <line num="32" type="stmt" count="13"/>
      <line num="33" type="stmt" count="4"/>
      <line num="34" type="stmt" count="4"/>
      <line num="35" type="stmt" count="4"/>
      <line num="36" type="stmt" count="4"/>
      <line num="37" type="stmt" count="4"/>
      <line num="40" type="stmt" count="13"/>
      <line num="41" type="stmt" count="3"/>
      <line num="42" type="stmt" count="3"/>
      <line num="43" type="stmt" count="3"/>
      <line num="44" type="stmt" count="3"/>
      <line num="45" type="stmt" count="3"/>
      <line num="48" type="stmt" count="13"/>
      <line num="49" type="stmt" count="8"/>
      <line num="50" type="stmt" count="8"/>
      <line num="51" type="stmt" count="8"/>
      <line num="52" type="stmt" count="8"/>
      <line num="53" type="stmt" count="8"/>
      <line num="54" type="stmt" count="8"/>
      <line num="57" type="stmt" count="9"/>
      <line num="58" type="stmt" count="9"/>
      <line num="59" type="stmt" count="9"/>
      <line num="60" type="stmt" count="9"/>
      <line num="61" type="stmt" count="9"/>
      <line num="62" type="stmt" count="14"/>
      <metrics loc="65" ncloc="65" classes="1" methods="1" coveredmethods="1" conditionals="0" coveredconditionals="0" statements="36" coveredstatements="36" elements="37" coveredelements="37"/>
    </file>
    <file name="D:\Projects\php-project-48\src\functions.php">
      <line num="17" type="stmt" count="0"/>
      <line num="18" type="stmt" count="0"/>
      <metrics loc="20" ncloc="12" classes="0" methods="0" coveredmethods="0" conditionals="0" coveredconditionals="0" statements="2" coveredstatements="0" elements="2" coveredelements="0"/>
    </file>
    <metrics files="15" loc="556" ncloc="504" classes="9" methods="22" coveredmethods="16" conditionals="0" coveredconditionals="0" statements="181" coveredstatements="153" elements="203" coveredelements="169"/>
  </project>
</coverage>
